Build started 1/27/2015 11:14:07 AM.
     1>Project "D:\GitHub\SATSolver\SATSolver\SATSolver.vcxproj" on node 2 (Build target(s)).
     1>ClCompile:
         C:\Program Files (x86)\VC\bin\CL.exe /c /AI"C:\Program Files (x86)\Reference Assemblies\Microsoft\Framework\.NETFramework\v4.0" /AI"C:\Program Files (x86)\Windows Kits\8.1\References\CommonConfiguration\Neutral" /Zi /clr /nologo /W3 /WX- /sdl /Od /Oy- /D WIN32 /D _DEBUG /D _CONSOLE /D _LIB /D _UNICODE /D UNICODE /EHa /MDd /GS /fp:precise /Zc:wchar_t /Zc:forScope /Yu"stdafx.h" /Fp"Debug\SATSolver.pch" /Fo"Debug\\" /Fd"Debug\vc120.pdb" /TP /FU"C:\Program Files (x86)\Reference Assemblies\Microsoft\Framework\.NETFramework\v4.0\mscorlib.dll" /analyze- /errorReport:prompt /clr:nostdlib SATSolver.cpp
         SATSolver.cpp
     1>SATSolver.cpp(62): warning C4101: 'thrown_string' : unreferenced local variable
     1>SATSolver.cpp(67): warning C4101: 'thrown_error' : unreferenced local variable
     1>SATSolver.cpp(246): warning C4244: '=' : conversion from '__int64' to 'int', possible loss of data
     1>SATSolver.cpp(214): warning C4101: 'thrown_error' : unreferenced local variable
       Link:
         C:\Program Files (x86)\VC\bin\link.exe /ERRORREPORT:PROMPT /OUT:"D:\GitHub\SATSolver\Debug\SATSolver.exe" /INCREMENTAL /NOLOGO kernel32.lib user32.lib gdi32.lib winspool.lib comdlg32.lib advapi32.lib shell32.lib ole32.lib oleaut32.lib uuid.lib odbc32.lib odbccp32.lib /MANIFEST /MANIFESTUAC:"level='asInvoker' uiAccess='false'" /manifest:embed /DEBUG /PDB:"D:\GitHub\SATSolver\Debug\SATSolver.pdb" /ASSEMBLYDEBUG /SUBSYSTEM:CONSOLE /TLBID:1 /DYNAMICBASE /FIXED:NO /NXCOMPAT /MACHINE:X86 Debug\Genetic.obj
         Debug\Hill_climb.obj
         Debug\SATSolver.obj
         Debug\SAT_puzzle.obj
         Debug\stdafx.obj
         Debug\WalkSAT.obj
         "Debug\.NETFramework,Version=v4.0.AssemblyAttributes.obj"
         SATSolver.vcxproj -> D:\GitHub\SATSolver\Debug\SATSolver.exe
     1>Done Building Project "D:\GitHub\SATSolver\SATSolver\SATSolver.vcxproj" (Build target(s)).

Build succeeded.

Time Elapsed 00:00:02.13
